Using pre-set license
Built from '2020.2/release' branch; Version is '2020.2.2f1 (068178b99f32) revision 426360'; Using compiler version '192528614'; Build Type 'Release'
OS: 'Windows 10 Enterprise; OS build 18363.1556; Version 1909; 64bit' Language: 'en' Physical Memory: 16304 MB
BatchMode: 1, IsHumanControllingUs: 0, StartBugReporterOnCrash: 0, Is64bit: 1, IsPro: 0

 COMMAND LINE ARGUMENTS:
C:\Program Files\Unity\Hub\Editor\2020.2.2f1\Editor\Unity.exe
-adb2
-batchMode
-noUpm
-name
AssetImportWorker0
-projectPath
C:/Users/jackson.king/Documents/GitHub/VRSaturdayCourse/VRSaturday/VRSaturday
-logFile
Logs/AssetImportWorker0.log
-srvPort
53513
Successfully changed project path to: C:/Users/jackson.king/Documents/GitHub/VRSaturdayCourse/VRSaturday/VRSaturday
C:/Users/jackson.king/Documents/GitHub/VRSaturdayCourse/VRSaturday/VRSaturday
Using Asset Import Pipeline V2.
Refreshing native plugins compatible for Editor in 24.27 ms, found 0 plugins.
Preloading 0 native plugins for Editor in 0.00 ms.
Initialize engine version: 2020.2.2f1 (068178b99f32)
[Subsystems] Discovering subsystems at path C:/Program Files/Unity/Hub/Editor/2020.2.2f1/Editor/Data/Resources/UnitySubsystems
[Subsystems] Discovering subsystems at path C:/Users/jackson.king/Documents/GitHub/VRSaturdayCourse/VRSaturday/VRSaturday/Assets
GfxDevice: creating device client; threaded=0
Direct3D:
    Version:  Direct3D 11.0 [level 11.0]
    Renderer: NVIDIA Quadro K2200  (ID=0x13ba)
    Vendor:   
    VRAM:     4035 MB
    Driver:   10.18.13.5362
Initialize mono
Mono path[0] = 'C:/Program Files/Unity/Hub/Editor/2020.2.2f1/Editor/Data/Managed'
Mono path[1] = 'C:/Program Files/Unity/Hub/Editor/2020.2.2f1/Editor/Data/MonoBleedingEdge/lib/mono/unityjit'
Mono config path = 'C:/Program Files/Unity/Hub/Editor/2020.2.2f1/Editor/Data/MonoBleedingEdge/etc'
Using monoOptions --debugger-agent=transport=dt_socket,embedding=1,server=y,suspend=n,address=127.0.0.1:56916
Begin MonoManager ReloadAssembly
Registering precompiled unity dll's ...
Register platform support module: C:/Program Files/Unity/Hub/Editor/2020.2.2f1/Editor/Data/PlaybackEngines/WindowsStandaloneSupport/UnityEditor.WindowsStandalone.Extensions.dll
Registered in 0.001536 seconds.
Native extension for WindowsStandalone target not found
Refreshing native plugins compatible for Editor in 23.23 ms, found 0 plugins.
Preloading 0 native plugins for Editor in 0.00 ms.
Invoked RoslynAnalysisRunner static constructor.
RoslynAnalysisRunner will not be running.
RoslynAnalysisRunner has terminated.
Mono: successfully reloaded assembly
- Completed reload, in  1.068 seconds
Platform modules already initialized, skipping
Registering precompiled user dll's ...
Registered in 0.000675 seconds.
Begin MonoManager ReloadAssembly
Native extension for WindowsStandalone target not found
Refreshing native plugins compatible for Editor in 0.18 ms, found 0 plugins.
Preloading 0 native plugins for Editor in 0.00 ms.
Invoked RoslynAnalysisRunner static constructor.
RoslynAnalysisRunner will not be running.
RoslynAnalysisRunner has terminated.
Mono: successfully reloaded assembly
- Completed reload, in  0.777 seconds
Platform modules already initialized, skipping
========================================================================
Worker process is ready to serve import requests
Launched and connected shader compiler UnityShaderCompiler.exe after 0.06 seconds
Refreshing native plugins compatible for Editor in 0.26 ms, found 0 plugins.
Preloading 0 native plugins for Editor in 0.00 ms.
Unloading 1099 Unused Serialized files (Serialized files now loaded: 0)
System memory in use before: 56.9 MB.
System memory in use after: 56.9 MB.

Unloading 10 unused Assets to reduce memory usage. Loaded Objects now: 1540.
Total: 1.635400 ms (FindLiveObjects: 0.138100 ms CreateObjectMapping: 0.046100 ms MarkObjects: 1.323000 ms  DeleteObjects: 0.127500 ms)

========================================================================
Received Import Request.
  path: Assets
  artifactKey: Guid(00000000000000001000000000000000) Importer(815301076,1909f56bfc062723c751e8b465ee728b)
Start importing Assets using Guid(00000000000000001000000000000000) Importer(815301076,1909f56bfc062723c751e8b465ee728b)  -> (artifact id: '4a6e520b92ccfc61bcfa21a7bcab8468') in 0.007291 seconds
  Import took 0.009532 seconds .

========================================================================
Received Import Request.
  Time since last request: 2.498012 seconds.
  path: Assets/Scripts
  artifactKey: Guid(acae60dbff1c29c4982aa4196d92b06b) Importer(815301076,1909f56bfc062723c751e8b465ee728b)
Start importing Assets/Scripts using Guid(acae60dbff1c29c4982aa4196d92b06b) Importer(815301076,1909f56bfc062723c751e8b465ee728b)  -> (artifact id: '5dd21aad6aea2e11b65e87380fcadc90') in 0.007586 seconds
  Import took 0.011428 seconds .

========================================================================
Received Import Request.
  Time since last request: 0.000898 seconds.
  path: Assets/Scripts
  artifactKey: Guid(acae60dbff1c29c4982aa4196d92b06b) Importer(815301076,1909f56bfc062723c751e8b465ee728b)
Start importing Assets/Scripts using Guid(acae60dbff1c29c4982aa4196d92b06b) Importer(815301076,1909f56bfc062723c751e8b465ee728b)  -> (artifact id: '5dd21aad6aea2e11b65e87380fcadc90') in 0.002573 seconds
  Import took 0.005565 seconds .

========================================================================
Received Import Request.
  Time since last request: 4.685061 seconds.
  path: Assets/Scripts 1
  artifactKey: Guid(6fdba3a195d378d40b02e17e44a74c43) Importer(815301076,1909f56bfc062723c751e8b465ee728b)
Start importing Assets/Scripts 1 using Guid(6fdba3a195d378d40b02e17e44a74c43) Importer(815301076,1909f56bfc062723c751e8b465ee728b)  -> (artifact id: 'd0430f004c366cb4441646f13e53df5d') in 0.011338 seconds
  Import took 0.013486 seconds .

========================================================================
Received Prepare
Registering precompiled user dll's ...
Registered in 0.000770 seconds.
Begin MonoManager ReloadAssembly
Native extension for WindowsStandalone target not found
Refreshing native plugins compatible for Editor in 24.75 ms, found 0 plugins.
Preloading 0 native plugins for Editor in 0.00 ms.
Invoked RoslynAnalysisRunner static constructor.
RoslynAnalysisRunner will not be running.
RoslynAnalysisRunner has terminated.
Mono: successfully reloaded assembly
- Completed reload, in  0.793 seconds
Platform modules already initialized, skipping
Refreshing native plugins compatible for Editor in 0.27 ms, found 0 plugins.
Preloading 0 native plugins for Editor in 0.00 ms.
Unloading 1390 Unused Serialized files (Serialized files now loaded: 0)
System memory in use before: 67.3 MB.
System memory in use after: 67.3 MB.

Unloading 5 unused Assets to reduce memory usage. Loaded Objects now: 1840.
Total: 1.815500 ms (FindLiveObjects: 0.147100 ms CreateObjectMapping: 0.034700 ms MarkObjects: 1.539500 ms  DeleteObjects: 0.093500 ms)

AssetImportWorkerClient::OnTransportError - code=2 error=End of file
